<?xml version="1.0" encoding="UTF-8"?>
<!-- Generated by org.testng.reporters.JUnitXMLReporter -->
<testsuite ignored="0" hostname="NODLTP52039252" failures="1" tests="6" name="Test" time="0.073" errors="0" timestamp="2020-08-28T19:14:09 IST">
  <testcase classname="Demo.Parameterpassing" name="test1" time="0.004"/>
  <testcase classname="Demo.Parameterpassing" name="test2" time="0.001"/>
  <testcase classname="Demo.HomePage" name="adding" time="0.004"/>
  <testcase classname="Demo.HomePage" name="dividing" time="0.002">
    <failure type="java.lang.ArithmeticException" message="/ by zero">
      <![CDATA[java.lang.ArithmeticException: / by zero
at Demo.Calculator.divide(Calculator.java:9)
at Demo.HomePage.dividing(HomePage.java:31)
at java.base/java.util.ArrayList.forEach(ArrayList.java:1507)
... Removed 27 stack frames]]>
    </failure>
  </testcase> <!-- dividing -->
  <testcase classname="Demo.HomePage" name="test" time="0.001"/>
  <testcase classname="Demo.HomePage" name="method2" time="0.002"/>
</testsuite> <!-- Test -->
